#
# A fatal error has been detected by the Java Runtime Environment:
#
#  EXCEPTION_UNCAUGHT_CXX_EXCEPTION (0xe06d7363) at pc=0x00007ff9595c7f9a, pid=3868, tid=13536
#
# JRE version: OpenJDK Runtime Environment (20.0.2+9) (build 20.0.2+9-78)
# Java VM: OpenJDK 64-Bit Server VM (20.0.2+9-78, mixed mode, sharing, tiered, compressed oops, compressed class ptrs, g1 gc, windows-amd64)
# Problematic frame:
# C  [KERNELBASE.dll+0xc7f9a]
#
# No core dump will be written. Minidumps are not enabled by default on client versions of Windows
#
# If you would like to submit a bug report, please visit:
#   https://bugreport.java.com/bugreport/crash.jsp
# The crash happened outside the Java Virtual Machine in native code.
# See problematic frame for where to report the bug.
#

---------------  S U M M A R Y ------------

Command Line: -DInstall.Dir=C:\Progress\OpenEdge -Dworkspace=C:\Dados -Doeide.logging=1 -Ddll.server=true -Ddllserver.port=10000 -DdotNetCore=NETCORE -Dosgi.configuration.area=file:/C:\Progress\OpenEdge\oeide\eclipse\configuration -DBundleId=336 com.openedge.core.otm.dotnetcore.ipcom.server.OTMNCLoaderServerManager

Host: Intel(R) Core(TM) i5-1035G1 CPU @ 1.00GHz, 8 cores, 7G,  Windows 11 , 64 bit Build 26100 (10.0.26100.4484)
Time: Sat Aug  9 22:47:28 2025 Hora oficial do Brasil elapsed time: 5.926559 seconds (0d 0h 0m 5s)

---------------  T H R E A D  ---------------

Current thread (0x0000026b7d793a80):  JavaThread "IPCHandlerThread - 1" [_thread_in_native, id=13536, stack(0x000000d33b800000,0x000000d33b900000)]

Stack: [0x000000d33b800000,0x000000d33b900000],  sp=0x000000d33b8fe290,  free space=1016k
Native frames: (J=compiled Java code, j=interpreted, Vv=VM code, C=native code)
C  [KERNELBASE.dll+0xc7f9a]
C  [Ijwhost.dll+0x139fc]

Java frames: (J=compiled Java code, j=interpreted, Vv=VM code)
j  com.openedge.core.otm.OTM.setDLCPath(Ljava/lang/String;)V+0
j  com.openedge.core.otm.OTM.initialize()V+22
j  com.openedge.core.otm.OTM.<init>()V+47
j  com.openedge.core.otm.OTM.<clinit>()V+202
v  ~StubRoutines::call_stub 0x0000026b702110e7
j  com.openedge.core.otm.dotnetcore.DotNetCoreServerStub.loadAssembly(Ljava/lang/String;)[Ljava/lang/String;+0
j  com.openedge.core.otm.dotnetcore.DotNetCoreServerStub.execute(Lcom/openedge/core/otm/dotnetcore/ipcom/messages/OTMNCServerInputMessageFromClient;)Ljava/lang/String;+112
j  com.openedge.core.otm.dotnetcore.ipcom.server.OTMNCLoaderServerManager$2$1.handleMessage(Lcom/progress/ipccom/IIPCServer;Lcom/progress/ipccom/IIPCInputMessage;)Lcom/progress/ipccom/IIPCOutputMessage;+83
j  com.progress.ipccom.IPCHandlerThread.asyncMessageHandlers(Lcom/progress/ipccom/IIPCInputMessage;Lcom/progress/ipccom/IIPCServer;Ljava/lang/String;)V+213
j  com.progress.ipccom.IPCHandlerThread.executeEvents(Lcom/progress/ipccom/IIPCComEvent;)V+288
j  com.progress.ipccom.IPCComThread.run()V+57
v  ~StubRoutines::call_stub 0x0000026b702110e7

siginfo: EXCEPTION_UNCAUGHT_CXX_EXCEPTION (0xe06d7363), ExceptionInformation=0x0000000019930520 0x000000d33b8fe410 0x00007ff91672fe60 0x00007ff916710000 


Registers:
RAX=0x0000000000001fa0, RBX=0x000000d33b8fe3b8, RCX=0x0000000300000080, RDX=0x00007ff95c0593d6
RSP=0x000000d33b8fe290, RBP=0x0000000000000004, RSI=0x0000000000000001, RDI=0x00000000e06d7363
R8 =0x0000000000000000, R9 =0x0000000000000000, R10=0x0000000000000000, R11=0x0000000000000000
R12=0x0000000000000000, R13=0x0000026b4155b440, R14=0x0000026b7e8e3b00, R15=0x0000026b7d793a80
RIP=0x00007ff9595c7f9a, EFLAGS=0x0000000000000202


Register to memory mapping:

RIP=0x00007ff9595c7f9a KERNELBASE.dll
RAX=0x0000000000001fa0 is an unknown value
RBX=0x000000d33b8fe3b8 is pointing into the stack for thread: 0x0000026b7d793a80
RCX=0x0000000300000080 is an unknown value
RDX=0x00007ff95c0593d6 ntdll.dll
RSP=0x000000d33b8fe290 is pointing into the stack for thread: 0x0000026b7d793a80
RBP=0x0000000000000004 is an unknown value
RSI=0x0000000000000001 is an unknown value
RDI=0x00000000e06d7363 is an unallocated location in the heap
R8 =0x0 is NULL
R9 =0x0 is NULL
R10=0x0 is NULL
R11=0x0 is NULL
R12=0x0 is NULL
R13={method} {0x0000026b4155b448} 'setDLCPath' '(Ljava/lang/String;)V' in 'com/openedge/core/otm/OTM'
R14=0x0000026b7e8e3b00 points into unknown readable memory: 0x026b7e8e3b00ba49 | 49 ba 00 3b 8e 7e 6b 02
R15=0x0000026b7d793a80 is a thread


Top of Stack: (sp=0x000000d33b8fe290)
0x000000d33b8fe290:   000000d33b8fe3f8 000000d33b8fe3b8
0x000000d33b8fe2a0:   0000000000000001 0000026b7e0c6402
0x000000d33b8fe2b0:   00000081e06d7363 0000000000000000
0x000000d33b8fe2c0:   00007ff9595c7f9a 0000000000000004
0x000000d33b8fe2d0:   0000000019930520 000000d33b8fe410
0x000000d33b8fe2e0:   00007ff91672fe60 00007ff916710000
0x000000d33b8fe2f0:   0000000000000000 0000000000000000
0x000000d33b8fe300:   0000000000000000 0000000000000000
0x000000d33b8fe310:   0000000000000000 0000000000000000
0x000000d33b8fe320:   0000000000000000 0000000000000000
0x000000d33b8fe330:   0000000000000000 0000000000000000
0x000000d33b8fe340:   0000000000000000 0000000000000039
0x000000d33b8fe350:   0000f994531a788e 0000000000000000
0x000000d33b8fe360:   00007ff916733000 0000000019930520
0x000000d33b8fe370:   000000d33b8fe410 0000000000000000
0x000000d33b8fe380:   00007ff91672fe60 00007ff9167239fc
0x000000d33b8fe390:   00007ff916732338 0000026b7e0c6390
0x000000d33b8fe3a0:   0000026b7e0c6402 0000026b7e0c6402
0x000000d33b8fe3b0:   00007ff916710000 0000000019930520
0x000000d33b8fe3c0:   000000d33b8fe410 00007ff91672fe60
0x000000d33b8fe3d0:   00007ff916710000 00007ff911790000
0x000000d33b8fe3e0:   0000026b7ddd3968 00007ff9167115f6
0x000000d33b8fe3f0:   00007ff91672af40 0000000080008096
0x000000d33b8fe400:   0000000080008096 00007ff911790000
0x000000d33b8fe410:   0000000080008096 0000026b4158eab8
0x000000d33b8fe420:   0000026b7d4e17b0 00007ff937912e38
0x000000d33b8fe430:   0000000000000001 00007ff93736ce35
0x000000d33b8fe440:   00007a74dc62484b 0000000000000009
0x000000d33b8fe450:   000000d33b8fe608 000000d33b8fe600
0x000000d33b8fe460:   0000026b7d793d60 00007ff91672072e
0x000000d33b8fe470:   0000026b7d4e17b0 0000026b7e254cf0
0x000000d33b8fe480:   000000d33b8fe5e0 000000d33b8fe488 

Instructions: (pc=0x00007ff9595c7f9a)
0x00007ff9595c7e9a:   00 e8 40 77 fe ff 48 8b cb e8 58 e3 fa ff 48 85
0x00007ff9595c7eaa:   f6 74 08 48 8b ce e8 4b e3 fa ff 48 85 ff 74 08
0x00007ff9595c7eba:   48 8b cf e8 3e e3 fa ff 8b 4c 24 40 48 ff 15 33
0x00007ff9595c7eca:   ac 1c 00 0f 1f 44 00 00 90 48 8b 8c 24 a0 02 00
0x00007ff9595c7eda:   00 48 33 cc e8 fd 3d 0d 00 4c 8d 9c 24 b0 02 00
0x00007ff9595c7eea:   00 49 8b 5b 38 49 8b 73 40 49 8b e3 41 5f 41 5e
0x00007ff9595c7efa:   41 5d 41 5c 5f c3 cc cc cc cc cc cc cc cc cc cc
0x00007ff9595c7f0a:   cc cc cc cc cc cc 40 53 55 56 57 48 81 ec d8 00
0x00007ff9595c7f1a:   00 00 48 8b 05 ad f1 2c 00 48 33 c4 48 89 84 24
0x00007ff9595c7f2a:   c0 00 00 00 8b f2 41 8b e8 33 d2 8b f9 48 8d 4c
0x00007ff9595c7f3a:   24 3c 49 8b d9 44 8d 42 7c e8 d9 6e 06 00 33 c9
0x00007ff9595c7f4a:   89 7c 24 20 83 e6 01 48 89 4c 24 28 89 74 24 24
0x00007ff9595c7f5a:   48 8d 05 af ff ff ff 48 89 44 24 30 48 85 db 74
0x00007ff9595c7f6a:   51 41 b8 0f 00 00 00 48 8d 4c 24 40 41 3b e8 48
0x00007ff9595c7f7a:   8b d3 44 0f 46 c5 44 89 44 24 38 49 c1 e0 03 e8
0x00007ff9595c7f8a:   09 3d 0d 00 48 8d 4c 24 20 48 ff 15 86 b2 1c 00
0x00007ff9595c7f9a:   0f 1f 44 00 00 48 8b 8c 24 c0 00 00 00 48 33 cc
0x00007ff9595c7faa:   e8 31 3d 0d 00 48 81 c4 d8 00 00 00 5f 5e 5d 5b
0x00007ff9595c7fba:   c3 cc 89 4c 24 38 eb cc cc cc cc cc cc cc cc cc
0x00007ff9595c7fca:   cc cc cc cc cc cc 48 83 ec 28 4c 8b d9 48 85 c9
0x00007ff9595c7fda:   0f 84 8f 00 00 00 b8 55 00 00 00 4c 8d 15 7c 12
0x00007ff9595c7fea:   1d 00 4c 8b c9 85 c0 7f 28 66 41 83 39 00 75 07
0x00007ff9595c7ffa:   66 41 83 3a 00 74 6e 33 d2 49 8b cb e8 25 40 f8
0x00007ff9595c800a:   ff 33 c9 48 85 c0 0f 95 c1 8b c1 48 83 c4 28 c3
0x00007ff9595c801a:   cc 41 0f b7 11 66 85 d2 74 cf 45 0f b7 02 66 45
0x00007ff9595c802a:   85 c0 74 d3 8d 4a bf 66 83 f9 19 77 04 66 83 ca
0x00007ff9595c803a:   20 41 8d 48 bf 66 83 f9 19 76 2e 66 83 fa 5f 75
0x00007ff9595c804a:   05 ba 2d 00 00 00 66 41 83 f8 5f 75 06 41 b8 2d
0x00007ff9595c805a:   00 00 00 66 41 3b d0 75 9e ff c8 49 83 c1 02 49
0x00007ff9595c806a:   83 c2 02 eb 80 33 c0 eb a2 66 41 83 c8 20 eb cb
0x00007ff9595c807a:   cc cc cc cc cc cc 40 53 48 83 ec 40 48 8b 05 43
0x00007ff9595c808a:   f0 2c 00 48 33 c4 48 89 44 24 30 33 c0 48 89 44 


Stack slot to memory mapping:
stack at sp + 0 slots: 0x000000d33b8fe3f8 is pointing into the stack for thread: 0x0000026b7d793a80
stack at sp + 1 slots: 0x000000d33b8fe3b8 is pointing into the stack for thread: 0x0000026b7d793a80
stack at sp + 2 slots: 0x0000000000000001 is an unknown value
stack at sp + 3 slots: 0x0000026b7e0c6402 points into unknown readable memory: 00 00 62 00 00 00
stack at sp + 4 slots: 0x00000081e06d7363 is an unknown value
stack at sp + 5 slots: 0x0 is NULL
stack at sp + 6 slots: 0x00007ff9595c7f9a KERNELBASE.dll
stack at sp + 7 slots: 0x0000000000000004 is an unknown value


---------------  P R O C E S S  ---------------

Threads class SMR info:
_java_thread_list=0x0000026b7da51d60, length=26, elements={
0x0000026b7d4e6cf0, 0x0000026b7d4e83e0, 0x0000026b7d4f0510, 0x0000026b7d4f0f40,
0x0000026b7d4f3430, 0x0000026b7d4f4b70, 0x0000026b7d4fc150, 0x0000026b7d514350,
0x0000026b7d7833d0, 0x0000026b7d7845a0, 0x0000026b7de14420, 0x0000026b7de14970,
0x0000026b60c1f000, 0x0000026b7d793a80, 0x0000026b7da5cd70, 0x0000026b7dfadc30,
0x0000026b7dffea00, 0x0000026b7e054f80, 0x0000026b7e053a40, 0x0000026b7e053f90,
0x0000026b7e052a50, 0x0000026b7e0544e0, 0x0000026b7e051a60, 0x0000026b7e051fb0,
0x0000026b7e052500, 0x0000026b7e052fa0
}

Java Threads: ( => current thread )
  0x0000026b7d4e6cf0 JavaThread "Reference Handler" daemon [_thread_blocked, id=7460, stack(0x000000d33ad00000,0x000000d33ae00000)]
  0x0000026b7d4e83e0 JavaThread "Finalizer" daemon [_thread_blocked, id=10452, stack(0x000000d33ae00000,0x000000d33af00000)]
  0x0000026b7d4f0510 JavaThread "Signal Dispatcher" daemon [_thread_blocked, id=3816, stack(0x000000d33af00000,0x000000d33b000000)]
  0x0000026b7d4f0f40 JavaThread "Attach Listener" daemon [_thread_blocked, id=10312, stack(0x000000d33b000000,0x000000d33b100000)]
  0x0000026b7d4f3430 JavaThread "Service Thread" daemon [_thread_blocked, id=14956, stack(0x000000d33b100000,0x000000d33b200000)]
  0x0000026b7d4f4b70 JavaThread "Monitor Deflation Thread" daemon [_thread_blocked, id=21272, stack(0x000000d33b200000,0x000000d33b300000)]
  0x0000026b7d4fc150 JavaThread "C2 CompilerThread0" daemon [_thread_blocked, id=17852, stack(0x000000d33b300000,0x000000d33b400000)]
  0x0000026b7d514350 JavaThread "C1 CompilerThread0" daemon [_thread_blocked, id=21872, stack(0x000000d33b400000,0x000000d33b500000)]
  0x0000026b7d7833d0 JavaThread "Notification Thread" daemon [_thread_blocked, id=17964, stack(0x000000d33b500000,0x000000d33b600000)]
  0x0000026b7d7845a0 JavaThread "Common-Cleaner" daemon [_thread_blocked, id=5560, stack(0x000000d33b700000,0x000000d33b800000)]
  0x0000026b7de14420 JavaThread "IPCTcpWorker - 1" [_thread_in_native, id=11116, stack(0x000000d33b900000,0x000000d33ba00000)]
  0x0000026b7de14970 JavaThread "IPCTcpEndPoint - 1" [_thread_blocked, id=13340, stack(0x000000d33ba00000,0x000000d33bb00000)]
  0x0000026b60c1f000 JavaThread "DestroyJavaVM" [_thread_blocked, id=1232, stack(0x000000d33a600000,0x000000d33a700000)]
=>0x0000026b7d793a80 JavaThread "IPCHandlerThread - 1" [_thread_in_native, id=13536, stack(0x000000d33b800000,0x000000d33b900000)]
  0x0000026b7da5cd70 JavaThread "IPCServer - 1" [_thread_blocked, id=18228, stack(0x000000d33bb00000,0x000000d33bc00000)]
  0x0000026b7dfadc30 JavaThread "JNA Cleaner" daemon [_thread_blocked, id=20140, stack(0x000000d33bc00000,0x000000d33bd00000)]
  0x0000026b7dffea00 JavaThread "JNA Cleaner" daemon [_thread_blocked, id=7716, stack(0x000000d33bd00000,0x000000d33be00000)]
  0x0000026b7e054f80 JavaThread "JNA Cleaner" daemon [_thread_blocked, id=23296, stack(0x000000d33be00000,0x000000d33bf00000)]
  0x0000026b7e053a40 JavaThread "JNA Cleaner" daemon [_thread_blocked, id=19232, stack(0x000000d33c600000,0x000000d33c700000)]
  0x0000026b7e053f90 JavaThread "JNA Cleaner" daemon [_thread_blocked, id=2720, stack(0x000000d33c700000,0x000000d33c800000)]
  0x0000026b7e052a50 JavaThread "JNA Cleaner" daemon [_thread_blocked, id=8040, stack(0x000000d33c800000,0x000000d33c900000)]
  0x0000026b7e0544e0 JavaThread "JNA Cleaner" daemon [_thread_blocked, id=19700, stack(0x000000d33c900000,0x000000d33ca00000)]
  0x0000026b7e051a60 JavaThread "JNA Cleaner" daemon [_thread_blocked, id=5576, stack(0x000000d33ca00000,0x000000d33cb00000)]
  0x0000026b7e051fb0 JavaThread "JNA Cleaner" daemon [_thread_blocked, id=20096, stack(0x000000d33cb00000,0x000000d33cc00000)]
  0x0000026b7e052500 JavaThread "JNA Cleaner" daemon [_thread_blocked, id=10440, stack(0x000000d33cc00000,0x000000d33cd00000)]
  0x0000026b7e052fa0 JavaThread "JNA Cleaner" daemon [_thread_blocked, id=8364, stack(0x000000d33cd00000,0x000000d33ce00000)]

Other Threads:
  0x0000026b7d4cb580 VMThread "VM Thread" [stack: 0x000000d33ac00000,0x000000d33ad00000] [id=8624]
  0x0000026b7d783920 WatcherThread "VM Periodic Task Thread" [stack: 0x000000d33b600000,0x000000d33b700000] [id=22048]
  0x0000026b60c7c800 WorkerThread "GC Thread#0" [stack: 0x000000d33a700000,0x000000d33a800000] [id=13364]
  0x0000026b7de6aad0 WorkerThread "GC Thread#1" [stack: 0x000000d33bf00000,0x000000d33c000000] [id=16304]
  0x0000026b7de6b070 WorkerThread "GC Thread#2" [stack: 0x000000d33c000000,0x000000d33c100000] [id=11996]
  0x0000026b7de6b340 WorkerThread "GC Thread#3" [stack: 0x000000d33c100000,0x000000d33c200000] [id=8404]
  0x0000026b7de6b8e0 WorkerThread "GC Thread#4" [stack: 0x000000d33c200000,0x000000d33c300000] [id=5320]
  0x0000026b7de6a260 WorkerThread "GC Thread#5" [stack: 0x000000d33c300000,0x000000d33c400000] [id=6252]
  0x0000026b7de6b610 WorkerThread "GC Thread#6" [stack: 0x000000d33c400000,0x000000d33c500000] [id=21084]
  0x0000026b7de69cc0 WorkerThread "GC Thread#7" [stack: 0x000000d33c500000,0x000000d33c600000] [id=6520]
  0x0000026b60c8df20 ConcurrentGCThread "G1 Main Marker" [stack: 0x000000d33a800000,0x000000d33a900000] [id=12548]
  0x0000026b60c8e950 WorkerThread "G1 Conc#0" [stack: 0x000000d33a900000,0x000000d33aa00000] [id=6028]
  0x0000026b60cdd690 ConcurrentGCThread "G1 Refine#0" [stack: 0x000000d33aa00000,0x000000d33ab00000] [id=4032]
  0x0000026b60cddfd0 ConcurrentGCThread "G1 Service" [stack: 0x000000d33ab00000,0x000000d33ac00000] [id=3044]

Threads with active compile tasks:

VM state: not at safepoint (normal execution)

VM Mutex/Monitor currently owned by a thread: None

Heap address: 0x0000000084000000, size: 1984 MB, Compressed Oops mode: 32-bit

CDS archive(s) mapped at: [0x0000026b00000000-0x0000026b00c60000-0x0000026b00c60000), size 12976128, SharedBaseAddress: 0x0000026b00000000, ArchiveRelocationMode: 1.
Compressed class space mapped at: 0x0000026b01000000-0x0000026b41000000, reserved size: 1073741824
Narrow klass base: 0x0000026b00000000, Narrow klass shift: 0, Narrow klass range: 0x100000000

GC Precious Log:
 CardTable entry size: 512
 Card Set container configuration: InlinePtr #cards 5 size 8 Array Of Cards #cards 12 size 40 Howl #buckets 4 coarsen threshold 1843 Howl Bitmap #cards 512 size 80 coarsen threshold 460 Card regions per heap region 1 cards per card region 2048
 CPUs: 8 total, 8 available
 Memory: 7930M
 Large Page Support: Disabled
 NUMA Support: Disabled
 Compressed Oops: Enabled (32-bit)
 Heap Region Size: 1M
 Heap Min Capacity: 8M
 Heap Initial Capacity: 124M
 Heap Max Capacity: 1984M
 Pre-touch: Disabled
 Parallel Workers: 8
 Concurrent Workers: 2
 Concurrent Refinement Workers: 8
 Periodic GC: Disabled

Heap:
 garbage-first heap   total 126976K, used 25500K [0x0000000084000000, 0x0000000100000000)
  region size 1024K, 25 young (25600K), 3 survivors (3072K)
 Metaspace       used 12341K, committed 12736K, reserved 1114112K
  class space    used 1357K, committed 1536K, reserved 1048576K

Heap Regions: E=young(eden), S=young(survivor), O=old, HS=humongous(starts), HC=humongous(continues), CS=collection set, F=free, OA=open archive, CA=closed archive, TAMS=top-at-mark-start, PB=parsable bottom
|   0|0x0000000084000000, 0x0000000084100000, 0x0000000084100000|100%|HS|  |TAMS 0x0000000084000000| PB 0x0000000084000000| Complete 
|   1|0x0000000084100000, 0x00000000841e7200, 0x0000000084200000| 90%| O|  |TAMS 0x0000000084100000| PB 0x0000000084100000| Untracked 
|   2|0x0000000084200000, 0x0000000084200000, 0x0000000084300000|  0%| F|  |TAMS 0x0000000084200000| PB 0x0000000084200000| Untracked 
|   3|0x0000000084300000, 0x0000000084300000, 0x0000000084400000|  0%| F|  |TAMS 0x0000000084300000| PB 0x0000000084300000| Untracked 
|   4|0x0000000084400000, 0x0000000084400000, 0x0000000084500000|  0%| F|  |TAMS 0x0000000084400000| PB 0x0000000084400000| Untracked 
|   5|0x0000000084500000, 0x0000000084500000, 0x0000000084600000|  0%| F|  |TAMS 0x0000000084500000| PB 0x0000000084500000| Untracked 
|   6|0x0000000084600000, 0x0000000084600000, 0x0000000084700000|  0%| F|  |TAMS 0x0000000084600000| PB 0x0000000084600000| Untracked 
|   7|0x0000000084700000, 0x0000000084700000, 0x0000000084800000|  0%| F|  |TAMS 0x0000000084700000| PB 0x0000000084700000| Untracked 
|   8|0x0000000084800000, 0x0000000084800000, 0x0000000084900000|  0%| F|  |TAMS 0x0000000084800000| PB 0x0000000084800000| Untracked 
|   9|0x0000000084900000, 0x0000000084900000, 0x0000000084a00000|  0%| F|  |TAMS 0x0000000084900000| PB 0x0000000084900000| Untracked 
|  10|0x0000000084a00000, 0x0000000084a00000, 0x0000000084b00000|  0%| F|  |TAMS 0x0000000084a00000| PB 0x0000000084a00000| Untracked 
|  11|0x0000000084b00000, 0x0000000084b00000, 0x0000000084c00000|  0%| F|  |TAMS 0x0000000084b00000| PB 0x0000000084b00000| Untracked 
|  12|0x0000000084c00000, 0x0000000084c00000, 0x0000000084d00000|  0%| F|  |TAMS 0x0000000084c00000| PB 0x0000000084c00000| Untracked 
|  13|0x0000000084d00000, 0x0000000084d00000, 0x0000000084e00000|  0%| F|  |TAMS 0x0000000084d00000| PB 0x0000000084d00000| Untracked 
|  14|0x0000000084e00000, 0x0000000084e00000, 0x0000000084f00000|  0%| F|  |TAMS 0x0000000084e00000| PB 0x0000000084e00000| Untracked 
|  15|0x0000000084f00000, 0x0000000084f00000, 0x0000000085000000|  0%| F|  |TAMS 0x0000000084f00000| PB 0x0000000084f00000| Untracked 
|  16|0x0000000085000000, 0x0000000085000000, 0x0000000085100000|  0%| F|  |TAMS 0x0000000085000000| PB 0x0000000085000000| Untracked 
|  17|0x0000000085100000, 0x0000000085100000, 0x0000000085200000|  0%| F|  |TAMS 0x0000000085100000| PB 0x0000000085100000| Untracked 
|  18|0x0000000085200000, 0x0000000085200000, 0x0000000085300000|  0%| F|  |TAMS 0x0000000085200000| PB 0x0000000085200000| Untracked 
|  19|0x0000000085300000, 0x0000000085300000, 0x0000000085400000|  0%| F|  |TAMS 0x0000000085300000| PB 0x0000000085300000| Untracked 
|  20|0x0000000085400000, 0x0000000085400000, 0x0000000085500000|  0%| F|  |TAMS 0x0000000085400000| PB 0x0000000085400000| Untracked 
|  21|0x0000000085500000, 0x0000000085500000, 0x0000000085600000|  0%| F|  |TAMS 0x0000000085500000| PB 0x0000000085500000| Untracked 
|  22|0x0000000085600000, 0x0000000085600000, 0x0000000085700000|  0%| F|  |TAMS 0x0000000085600000| PB 0x0000000085600000| Untracked 
|  23|0x0000000085700000, 0x0000000085700000, 0x0000000085800000|  0%| F|  |TAMS 0x0000000085700000| PB 0x0000000085700000| Untracked 
|  24|0x0000000085800000, 0x0000000085800000, 0x0000000085900000|  0%| F|  |TAMS 0x0000000085800000| PB 0x0000000085800000| Untracked 
|  25|0x0000000085900000, 0x0000000085900000, 0x0000000085a00000|  0%| F|  |TAMS 0x0000000085900000| PB 0x0000000085900000| Untracked 
|  26|0x0000000085a00000, 0x0000000085a00000, 0x0000000085b00000|  0%| F|  |TAMS 0x0000000085a00000| PB 0x0000000085a00000| Untracked 
|  27|0x0000000085b00000, 0x0000000085b00000, 0x0000000085c00000|  0%| F|  |TAMS 0x0000000085b00000| PB 0x0000000085b00000| Untracked 
|  28|0x0000000085c00000, 0x0000000085c00000, 0x0000000085d00000|  0%| F|  |TAMS 0x0000000085c00000| PB 0x0000000085c00000| Untracked 
|  29|0x0000000085d00000, 0x0000000085d00000, 0x0000000085e00000|  0%| F|  |TAMS 0x0000000085d00000| PB 0x0000000085d00000| Untracked 
|  30|0x0000000085e00000, 0x0000000085e00000, 0x0000000085f00000|  0%| F|  |TAMS 0x0000000085e00000| PB 0x0000000085e00000| Untracked 
|  31|0x0000000085f00000, 0x0000000085f00000, 0x0000000086000000|  0%| F|  |TAMS 0x0000000085f00000| PB 0x0000000085f00000| Untracked 
|  32|0x0000000086000000, 0x0000000086000000, 0x0000000086100000|  0%| F|  |TAMS 0x0000000086000000| PB 0x0000000086000000| Untracked 
|  33|0x0000000086100000, 0x0000000086100000, 0x0000000086200000|  0%| F|  |TAMS 0x0000000086100000| PB 0x0000000086100000| Untracked 
|  34|0x0000000086200000, 0x0000000086200000, 0x0000000086300000|  0%| F|  |TAMS 0x0000000086200000| PB 0x0000000086200000| Untracked 
|  35|0x0000000086300000, 0x0000000086300000, 0x0000000086400000|  0%| F|  |TAMS 0x0000000086300000| PB 0x0000000086300000| Untracked 
|  36|0x0000000086400000, 0x0000000086400000, 0x0000000086500000|  0%| F|  |TAMS 0x0000000086400000| PB 0x0000000086400000| Untracked 
|  37|0x0000000086500000, 0x0000000086500000, 0x0000000086600000|  0%| F|  |TAMS 0x0000000086500000| PB 0x0000000086500000| Untracked 
|  38|0x0000000086600000, 0x0000000086600000, 0x0000000086700000|  0%| F|  |TAMS 0x0000000086600000| PB 0x0000000086600000| Untracked 
|  39|0x0000000086700000, 0x0000000086700000, 0x0000000086800000|  0%| F|  |TAMS 0x0000000086700000| PB 0x0000000086700000| Untracked 
|  40|0x0000000086800000, 0x0000000086800000, 0x0000000086900000|  0%| F|  |TAMS 0x0000000086800000| PB 0x0000000086800000| Untracked 
|  41|0x0000000086900000, 0x0000000086900000, 0x0000000086a00000|  0%| F|  |TAMS 0x0000000086900000| PB 0x0000000086900000| Untracked 
|  42|0x0000000086a00000, 0x0000000086a00000, 0x0000000086b00000|  0%| F|  |TAMS 0x0000000086a00000| PB 0x0000000086a00000| Untracked 
|  43|0x0000000086b00000, 0x0000000086b00000, 0x0000000086c00000|  0%| F|  |TAMS 0x0000000086b00000| PB 0x0000000086b00000| Untracked 
|  44|0x0000000086c00000, 0x0000000086c00000, 0x0000000086d00000|  0%| F|  |TAMS 0x0000000086c00000| PB 0x0000000086c00000| Untracked 
|  45|0x0000000086d00000, 0x0000000086d00000, 0x0000000086e00000|  0%| F|  |TAMS 0x0000000086d00000| PB 0x0000000086d00000| Untracked 
|  46|0x0000000086e00000, 0x0000000086e00000, 0x0000000086f00000|  0%| F|  |TAMS 0x0000000086e00000| PB 0x0000000086e00000| Untracked 
|  47|0x0000000086f00000, 0x0000000086f00000, 0x0000000087000000|  0%| F|  |TAMS 0x0000000086f00000| PB 0x0000000086f00000| Untracked 
|  48|0x0000000087000000, 0x0000000087000000, 0x0000000087100000|  0%| F|  |TAMS 0x0000000087000000| PB 0x0000000087000000| Untracked 
|  49|0x0000000087100000, 0x0000000087100000, 0x0000000087200000|  0%| F|  |TAMS 0x0000000087100000| PB 0x0000000087100000| Untracked 
|  50|0x0000000087200000, 0x0000000087200000, 0x0000000087300000|  0%| F|  |TAMS 0x0000000087200000| PB 0x0000000087200000| Untracked 
|  51|0x0000000087300000, 0x0000000087300000, 0x0000000087400000|  0%| F|  |TAMS 0x0000000087300000| PB 0x0000000087300000| Untracked 
|  52|0x0000000087400000, 0x0000000087400000, 0x0000000087500000|  0%| F|  |TAMS 0x0000000087400000| PB 0x0000000087400000| Untracked 
|  53|0x0000000087500000, 0x0000000087500000, 0x0000000087600000|  0%| F|  |TAMS 0x0000000087500000| PB 0x0000000087500000| Untracked 
|  54|0x0000000087600000, 0x0000000087600000, 0x0000000087700000|  0%| F|  |TAMS 0x0000000087600000| PB 0x0000000087600000| Untracked 
|  55|0x0000000087700000, 0x0000000087700000, 0x0000000087800000|  0%| F|  |TAMS 0x0000000087700000| PB 0x0000000087700000| Untracked 
|  56|0x0000000087800000, 0x0000000087800000, 0x0000000087900000|  0%| F|  |TAMS 0x0000000087800000| PB 0x0000000087800000| Untracked 
|  57|0x0000000087900000, 0x0000000087900000, 0x0000000087a00000|  0%| F|  |TAMS 0x0000000087900000| PB 0x0000000087900000| Untracked 
|  58|0x0000000087a00000, 0x0000000087a00000, 0x0000000087b00000|  0%| F|  |TAMS 0x0000000087a00000| PB 0x0000000087a00000| Untracked 
|  59|0x0000000087b00000, 0x0000000087b00000, 0x0000000087c00000|  0%| F|  |TAMS 0x0000000087b00000| PB 0x0000000087b00000| Untracked 
|  60|0x0000000087c00000, 0x0000000087c00000, 0x0000000087d00000|  0%| F|  |TAMS 0x0000000087c00000| PB 0x0000000087c00000| Untracked 
|  61|0x0000000087d00000, 0x0000000087d00000, 0x0000000087e00000|  0%| F|  |TAMS 0x0000000087d00000| PB 0x0000000087d00000| Untracked 
|  62|0x0000000087e00000, 0x0000000087e00000, 0x0000000087f00000|  0%| F|  |TAMS 0x0000000087e00000| PB 0x0000000087e00000| Untracked 
|  63|0x0000000087f00000, 0x0000000087f00000, 0x0000000088000000|  0%| F|  |TAMS 0x0000000087f00000| PB 0x0000000087f00000| Untracked 
|  64|0x0000000088000000, 0x0000000088000000, 0x0000000088100000|  0%| F|  |TAMS 0x0000000088000000| PB 0x0000000088000000| Untracked 
|  65|0x0000000088100000, 0x0000000088100000, 0x0000000088200000|  0%| F|  |TAMS 0x0000000088100000| PB 0x0000000088100000| Untracked 
|  66|0x0000000088200000, 0x0000000088200000, 0x0000000088300000|  0%| F|  |TAMS 0x0000000088200000| PB 0x0000000088200000| Untracked 
|  67|0x0000000088300000, 0x0000000088300000, 0x0000000088400000|  0%| F|  |TAMS 0x0000000088300000| PB 0x0000000088300000| Untracked 
|  68|0x0000000088400000, 0x0000000088400000, 0x0000000088500000|  0%| F|  |TAMS 0x0000000088400000| PB 0x0000000088400000| Untracked 
|  69|0x0000000088500000, 0x0000000088500000, 0x0000000088600000|  0%| F|  |TAMS 0x0000000088500000| PB 0x0000000088500000| Untracked 
|  70|0x0000000088600000, 0x0000000088600000, 0x0000000088700000|  0%| F|  |TAMS 0x0000000088600000| PB 0x0000000088600000| Untracked 
|  71|0x0000000088700000, 0x0000000088700000, 0x0000000088800000|  0%| F|  |TAMS 0x0000000088700000| PB 0x0000000088700000| Untracked 
|  72|0x0000000088800000, 0x0000000088800000, 0x0000000088900000|  0%| F|  |TAMS 0x0000000088800000| PB 0x0000000088800000| Untracked 
|  73|0x0000000088900000, 0x0000000088900000, 0x0000000088a00000|  0%| F|  |TAMS 0x0000000088900000| PB 0x0000000088900000| Untracked 
|  74|0x0000000088a00000, 0x0000000088a00000, 0x0000000088b00000|  0%| F|  |TAMS 0x0000000088a00000| PB 0x0000000088a00000| Untracked 
|  75|0x0000000088b00000, 0x0000000088b00000, 0x0000000088c00000|  0%| F|  |TAMS 0x0000000088b00000| PB 0x0000000088b00000| Untracked 
|  76|0x0000000088c00000, 0x0000000088c00000, 0x0000000088d00000|  0%| F|  |TAMS 0x0000000088c00000| PB 0x0000000088c00000| Untracked 
|  77|0x0000000088d00000, 0x0000000088d00000, 0x0000000088e00000|  0%| F|  |TAMS 0x0000000088d00000| PB 0x0000000088d00000| Untracked 
|  78|0x0000000088e00000, 0x0000000088e00000, 0x0000000088f00000|  0%| F|  |TAMS 0x0000000088e00000| PB 0x0000000088e00000| Untracked 
|  79|0x0000000088f00000, 0x0000000088f00000, 0x0000000089000000|  0%| F|  |TAMS 0x0000000088f00000| PB 0x0000000088f00000| Untracked 
|  80|0x0000000089000000, 0x0000000089000000, 0x0000000089100000|  0%| F|  |TAMS 0x0000000089000000| PB 0x0000000089000000| Untracked 
|  81|0x0000000089100000, 0x0000000089100000, 0x0000000089200000|  0%| F|  |TAMS 0x0000000089100000| PB 0x0000000089100000| Untracked 
|  82|0x0000000089200000, 0x0000000089200000, 0x0000000089300000|  0%| F|  |TAMS 0x0000000089200000| PB 0x0000000089200000| Untracked 
|  83|0x0000000089300000, 0x0000000089300000, 0x0000000089400000|  0%| F|  |TAMS 0x0000000089300000| PB 0x0000000089300000| Untracked 
|  84|0x0000000089400000, 0x0000000089400000, 0x0000000089500000|  0%| F|  |TAMS 0x0000000089400000| PB 0x0000000089400000| Untracked 
|  85|0x0000000089500000, 0x0000000089500000, 0x0000000089600000|  0%| F|  |TAMS 0x0000000089500000| PB 0x0000000089500000| Untracked 
|  86|0x0000000089600000, 0x0000000089600000, 0x0000000089700000|  0%| F|  |TAMS 0x0000000089600000| PB 0x0000000089600000| Untracked 
|  87|0x0000000089700000, 0x0000000089700000, 0x0000000089800000|  0%| F|  |TAMS 0x0000000089700000| PB 0x0000000089700000| Untracked 
|  88|0x0000000089800000, 0x0000000089800000, 0x0000000089900000|  0%| F|  |TAMS 0x0000000089800000| PB 0x0000000089800000| Untracked 
|  89|0x0000000089900000, 0x0000000089900000, 0x0000000089a00000|  0%| F|  |TAMS 0x0000000089900000| PB 0x0000000089900000| Untracked 
|  90|0x0000000089a00000, 0x0000000089a00000, 0x0000000089b00000|  0%| F|  |TAMS 0x0000000089a00000| PB 0x0000000089a00000| Untracked 
|  91|0x0000000089b00000, 0x0000000089b00000, 0x0000000089c00000|  0%| F|  |TAMS 0x0000000089b00000| PB 0x0000000089b00000| Untracked 
|  92|0x0000000089c00000, 0x0000000089c00000, 0x0000000089d00000|  0%| F|  |TAMS 0x0000000089c00000| PB 0x0000000089c00000| Untracked 
|  93|0x0000000089d00000, 0x0000000089d00000, 0x0000000089e00000|  0%| F|  |TAMS 0x0000000089d00000| PB 0x0000000089d00000| Untracked 
|  94|0x0000000089e00000, 0x0000000089e00000, 0x0000000089f00000|  0%| F|  |TAMS 0x0000000089e00000| PB 0x0000000089e00000| Untracked 
|  95|0x0000000089f00000, 0x0000000089f00000, 0x000000008a000000|  0%| F|  |TAMS 0x0000000089f00000| PB 0x0000000089f00000| Untracked 
|  96|0x000000008a000000, 0x000000008a000000, 0x000000008a100000|  0%| F|  |TAMS 0x000000008a000000| PB 0x000000008a000000| Untracked 
|  97|0x000000008a100000, 0x000000008a100000, 0x000000008a200000|  0%| F|  |TAMS 0x000000008a100000| PB 0x000000008a100000| Untracked 
|  98|0x000000008a200000, 0x000000008a300000, 0x000000008a300000|100%| S|CS|TAMS 0x000000008a200000| PB 0x000000008a200000| Complete 
|  99|0x000000008a300000, 0x000000008a400000, 0x000000008a400000|100%| S|CS|TAMS 0x000000008a300000| PB 0x000000008a300000| Complete 
| 100|0x000000008a400000, 0x000000008a500000, 0x000000008a500000|100%| S|CS|TAMS 0x000000008a400000| PB 0x000000008a400000| Complete 
| 101|0x000000008a500000, 0x000000008a500000, 0x000000008a600000|  0%| F|  |TAMS 0x000000008a500000| PB 0x000000008a500000| Untracked 
| 102|0x000000008a600000, 0x000000008a6f1c18, 0x000000008a700000| 94%| E|  |TAMS 0x000000008a600000| PB 0x000000008a600000| Complete 
| 103|0x000000008a700000, 0x000000008a800000, 0x000000008a800000|100%| E|CS|TAMS 0x000000008a700000| PB 0x000000008a700000| Complete 
| 104|0x000000008a800000, 0x000000008a900000, 0x000000008a900000|100%| E|CS|TAMS 0x000000008a800000| PB 0x000000008a800000| Complete 
| 105|0x000000008a900000, 0x000000008aa00000, 0x000000008aa00000|100%| E|CS|TAMS 0x000000008a900000| PB 0x000000008a900000| Complete 
| 106|0x000000008aa00000, 0x000000008ab00000, 0x000000008ab00000|100%| E|CS|TAMS 0x000000008aa00000| PB 0x000000008aa00000| Complete 
| 107|0x000000008ab00000, 0x000000008ac00000, 0x000000008ac00000|100%| E|CS|TAMS 0x000000008ab00000| PB 0x000000008ab00000| Complete 
| 108|0x000000008ac00000, 0x000000008ad00000, 0x000000008ad00000|100%| E|CS|TAMS 0x000000008ac00000| PB 0x000000008ac00000| Complete 
| 109|0x000000008ad00000, 0x000000008ae00000, 0x000000008ae00000|100%| E|CS|TAMS 0x000000008ad00000| PB 0x000000008ad00000| Complete 
| 110|0x000000008ae00000, 0x000000008af00000, 0x000000008af00000|100%| E|CS|TAMS 0x000000008ae00000| PB 0x000000008ae00000| Complete 
| 111|0x000000008af00000, 0x000000008b000000, 0x000000008b000000|100%| E|CS|TAMS 0x000000008af00000| PB 0x000000008af00000| Complete 
| 112|0x000000008b000000, 0x000000008b100000, 0x000000008b100000|100%| E|CS|TAMS 0x000000008b000000| PB 0x000000008b000000| Complete 
| 113|0x000000008b100000, 0x000000008b200000, 0x000000008b200000|100%| E|CS|TAMS 0x000000008b100000| PB 0x000000008b100000| Complete 
| 114|0x000000008b200000, 0x000000008b300000, 0x000000008b300000|100%| E|CS|TAMS 0x000000008b200000| PB 0x000000008b200000| Complete 
| 115|0x000000008b300000, 0x000000008b400000, 0x000000008b400000|100%| E|CS|TAMS 0x000000008b300000| PB 0x000000008b300000| Complete 
| 116|0x000000008b400000, 0x000000008b500000, 0x000000008b500000|100%| E|CS|TAMS 0x000000008b400000| PB 0x000000008b400000| Complete 
| 117|0x000000008b500000, 0x000000008b600000, 0x000000008b600000|100%| E|  |TAMS 0x000000008b500000| PB 0x000000008b500000| Complete 
| 118|0x000000008b600000, 0x000000008b700000, 0x000000008b700000|100%| E|CS|TAMS 0x000000008b600000| PB 0x000000008b600000| Complete 
| 119|0x000000008b700000, 0x000000008b800000, 0x000000008b800000|100%| E|CS|TAMS 0x000000008b700000| PB 0x000000008b700000| Complete 
| 120|0x000000008b800000, 0x000000008b900000, 0x000000008b900000|100%| E|CS|TAMS 0x000000008b800000| PB 0x000000008b800000| Complete 
| 121|0x000000008b900000, 0x000000008ba00000, 0x000000008ba00000|100%| E|CS|TAMS 0x000000008b900000| PB 0x000000008b900000| Complete 
| 122|0x000000008ba00000, 0x000000008bb00000, 0x000000008bb00000|100%| E|CS|TAMS 0x000000008ba00000| PB 0x000000008ba00000| Complete 
| 123|0x000000008bb00000, 0x000000008bc00000, 0x000000008bc00000|100%| E|CS|TAMS 0x000000008bb00000| PB 0x000000008bb00000| Complete 

Card table byte_map: [0x0000026b78400000,0x0000026b787e0000] _byte_map_base: 0x0000026b77fe0000

Marking Bits: (CMBitMap*) 0x0000026b60c7ce30
 Bits: [0x0000026b78bc0000, 0x0000026b7aac0000)

Polling page: 0x0000026b5ebb0000

Metaspace:

Usage:
  Non-class:     10.73 MB used.
      Class:      1.33 MB used.
       Both:     12.05 MB used.

Virtual space:
  Non-class space:       64.00 MB reserved,      10.94 MB ( 17%) committed,  1 nodes.
      Class space:        1.00 GB reserved,       1.50 MB ( <1%) committed,  1 nodes.
             Both:        1.06 GB reserved,      12.44 MB (  1%) committed. 

Chunk freelists:
   Non-Class:  688.00 KB
       Class:  2.33 MB
        Both:  3.00 MB

MaxMetaspaceSize: unlimited
CompressedClassSpaceSize: 1.00 GB
Initial GC threshold: 21.00 MB
Current GC threshold: 21.00 MB
CDS: on
MetaspaceReclaimPolicy: balanced
 - commit_granule_bytes: 65536.
 - commit_granule_words: 8192.
 - virtual_space_node_default_size: 8388608.
 - enlarge_chunks_in_place: 1.
 - new_chunks_are_fully_committed: 0.
 - uncommit_free_chunks: 1.
 - use_allocation_guard: 0.


Internal statistics:

num_allocs_failed_limit: 0.
num_arena_births: 256.
num_arena_deaths: 0.
num_vsnodes_births: 2.
num_vsnodes_deaths: 0.
num_space_committed: 199.
num_space_uncommitted: 0.
num_chunks_returned_to_freelist: 0.
num_chunks_taken_from_freelist: 641.
num_chunk_merges: 0.
num_chunk_splits: 476.
num_chunks_enlarged: 383.
num_inconsistent_stats: 0.

CodeHeap 'non-profiled nmethods': size=120000Kb used=655Kb max_used=655Kb free=119344Kb
 bounds [0x0000026b707b0000, 0x0000026b70a20000, 0x0000026b77ce0000]
CodeHeap 'profiled nmethods': size=120000Kb used=3830Kb max_used=3830Kb free=116169Kb
 bounds [0x0000026b68ce0000, 0x0000026b690a0000, 0x0000026b70210000]
CodeHeap 'non-nmethods': size=5760Kb used=1556Kb max_used=1580Kb free=4203Kb
 bounds [0x0000026b70210000, 0x0000026b70480000, 0x0000026b707b0000]
 total_blobs=2502 nmethods=2023 adapters=389
 compilation: enabled
              stopped_count=0, restarted_count=0
 full_count=0

Compilation events (20 events):
Event: 5.882 Thread 0x0000026b7d514350 nmethod 2015 0x0000026b69098a10 code [0x0000026b69098c20, 0x0000026b69099288]
Event: 5.882 Thread 0x0000026b7d514350 2014       1       com.sun.jna.Structure$LayoutInfo::access$700 (5 bytes)
Event: 5.882 Thread 0x0000026b7d514350 nmethod 2014 0x0000026b70852290 code [0x0000026b70852400, 0x0000026b708524b0]
Event: 5.882 Thread 0x0000026b7d514350 2016       3       java.util.Arrays$ArrayList::size (6 bytes)
Event: 5.882 Thread 0x0000026b7d514350 nmethod 2016 0x0000026b69099590 code [0x0000026b69099720, 0x0000026b69099838]
Event: 5.895 Thread 0x0000026b7d4fc150 nmethod 2001 0x0000026b70852590 code [0x0000026b70852780, 0x0000026b70852fa8]
Event: 5.899 Thread 0x0000026b7d4fc150 2017       4       java.lang.CharacterDataLatin1::isWhitespace (23 bytes)
Event: 5.899 Thread 0x0000026b7d4fc150 nmethod 2017 0x0000026b70853910 code [0x0000026b70853a80, 0x0000026b70853b50]
Event: 5.899 Thread 0x0000026b7d514350 2018       3       com.sun.jna.Structure::getNativeSize (6 bytes)
Event: 5.900 Thread 0x0000026b7d514350 nmethod 2018 0x0000026b69099910 code [0x0000026b69099aa0, 0x0000026b69099bd8]
Event: 5.900 Thread 0x0000026b7d514350 2020       3       com.sun.jna.Native::getNativeSize (262 bytes)
Event: 5.900 Thread 0x0000026b7d514350 nmethod 2020 0x0000026b69099c90 code [0x0000026b69099fe0, 0x0000026b6909b0f0]
Event: 5.900 Thread 0x0000026b7d514350 2019   !   3       com.sun.jna.Structure::getFieldValue (50 bytes)
Event: 5.901 Thread 0x0000026b7d514350 nmethod 2019 0x0000026b6909b510 code [0x0000026b6909b800, 0x0000026b6909c5e8]
Event: 5.901 Thread 0x0000026b7d514350 2021       3       java.lang.String::trim (35 bytes)
Event: 5.902 Thread 0x0000026b7d514350 nmethod 2021 0x0000026b6909cc10 code [0x0000026b6909cdc0, 0x0000026b6909d0a0]
Event: 5.902 Thread 0x0000026b7d514350 2022       3       java.lang.StringLatin1::trim (76 bytes)
Event: 5.902 Thread 0x0000026b7d4fc150 2023       4       java.lang.invoke.DirectMethodHandle::internalMemberName (8 bytes)
Event: 5.902 Thread 0x0000026b7d514350 nmethod 2022 0x0000026b6909d190 code [0x0000026b6909d340, 0x0000026b6909d730]
Event: 5.903 Thread 0x0000026b7d4fc150 nmethod 2023 0x0000026b70853c10 code [0x0000026b70853d80, 0x0000026b70853e30]

GC Heap History (2 events):
Event: 4.097 GC heap before
{Heap before GC invocations=0 (full 0):
 garbage-first heap   total 126976K, used 23552K [0x0000000084000000, 0x0000000100000000)
  region size 1024K, 23 young (23552K), 0 survivors (0K)
 Metaspace       used 7627K, committed 8000K, reserved 1114112K
  class space    used 805K, committed 960K, reserved 1048576K
}
Event: 4.103 GC heap after
{Heap after GC invocations=1 (full 0):
 garbage-first heap   total 126976K, used 5020K [0x0000000084000000, 0x0000000100000000)
  region size 1024K, 3 young (3072K), 3 survivors (3072K)
 Metaspace       used 7627K, committed 8000K, reserved 1114112K
  class space    used 805K, committed 960K, reserved 1048576K
}

Dll operation events (20 events):
Event: 0.145 Loaded shared library C:\java\jdk-20\jdk-20.0.2\bin\net.dll
Event: 0.147 Loaded shared library C:\java\jdk-20\jdk-20.0.2\bin\nio.dll
Event: 0.159 Loaded shared library C:\java\jdk-20\jdk-20.0.2\bin\zip.dll
Event: 0.186 Loaded shared library C:\java\jdk-20\jdk-20.0.2\bin\jimage.dll
Event: 0.494 Loaded shared library C:\java\jdk-20\jdk-20.0.2\bin\sunmscapi.dll
Event: 0.544 Loaded shared library C:\java\jdk-20\jdk-20.0.2\bin\extnet.dll
Event: 3.180 Loaded shared library C:\Progress\OpenEdge\tmp\jna11077595654190043361.dll
Event: 3.479 Loaded shared library C:\Progress\OpenEdge\tmp\jna5896974010292668833.dll
Event: 3.745 Loaded shared library C:\Progress\OpenEdge\tmp\jna8763365037346790685.dll
Event: 4.084 Loaded shared library C:\Progress\OpenEdge\tmp\jna14824708789711142506.dll
Event: 4.334 Loaded shared library C:\Progress\OpenEdge\tmp\jna17815835085512477787.dll
Event: 4.509 Loaded shared library C:\Progress\OpenEdge\tmp\jna16354319020372287914.dll
Event: 4.757 Loaded shared library C:\Progress\OpenEdge\tmp\jna14629223961077808423.dll
Event: 5.023 Loaded shared library C:\Progress\OpenEdge\tmp\jna6416804997467931386.dll
Event: 5.335 Loaded shared library C:\Progress\OpenEdge\tmp\jna16854869646003144704.dll
Event: 5.414 Loaded shared library C:\Progress\OpenEdge\oeide\eclipse\configuration\org.eclipse.osgi\bundles\336\1\.cp\Ijwhost.dll
Event: 5.424 Loaded shared library C:\Progress\OpenEdge\oeide\eclipse\configuration\org.eclipse.osgi\bundles\336\1\.cp\Progress.clrbridge.netcore.dll
Event: 5.557 Loaded shared library C:\Progress\OpenEdge\tmp\jna11680930760000394763.dll
Event: 5.632 Loaded shared library C:\Progress\OpenEdge\bin\oeacbNetcore.dll
Event: 5.787 Loaded shared library C:\Progress\OpenEdge\tmp\jna730027169764799805.dll

Deoptimization events (20 events):
Event: 3.310 Thread 0x0000026b7d793a80 Uncommon trap: trap_request=0xffffffde fr.pc=0x0000026b707c2538 relative=0x0000000000000458
Event: 3.310 Thread 0x0000026b7d793a80 Uncommon trap: reason=class_check action=maybe_recompile pc=0x0000026b707c2538 method=java.util.regex.Pattern$Start.match(Ljava/util/regex/Matcher;ILjava/lang/CharSequence;)Z @ 44 c2
Event: 3.310 Thread 0x0000026b7d793a80 DEOPT PACKING pc=0x0000026b707c2538 sp=0x000000d33b8fd960
Event: 3.310 Thread 0x0000026b7d793a80 DEOPT UNPACKING pc=0x0000026b7022d2a2 sp=0x000000d33b8fd8d0 mode 2
Event: 3.561 Thread 0x0000026b7d793a80 Uncommon trap: trap_request=0xffffff45 fr.pc=0x0000026b707f9a48 relative=0x0000000000001408
Event: 3.561 Thread 0x0000026b7d793a80 Uncommon trap: reason=unstable_if action=reinterpret pc=0x0000026b707f9a48 method=java.util.concurrent.ConcurrentHashMap.transfer([Ljava/util/concurrent/ConcurrentHashMap$Node;[Ljava/util/concurrent/ConcurrentHashMap$Node;)V @ 352 c2
Event: 3.561 Thread 0x0000026b7d793a80 DEOPT PACKING pc=0x0000026b707f9a48 sp=0x000000d33b8fc380
Event: 3.561 Thread 0x0000026b7d793a80 DEOPT UNPACKING pc=0x0000026b7022d2a2 sp=0x000000d33b8fc2e8 mode 2
Event: 4.104 Thread 0x0000026b7d793a80 Uncommon trap: trap_request=0xffffff45 fr.pc=0x0000026b7081f5e4 relative=0x00000000000000e4
Event: 4.104 Thread 0x0000026b7d793a80 Uncommon trap: reason=unstable_if action=reinterpret pc=0x0000026b7081f5e4 method=java.lang.ref.SoftReference.get()Ljava/lang/Object; @ 17 c2
Event: 4.104 Thread 0x0000026b7d793a80 DEOPT PACKING pc=0x0000026b7081f5e4 sp=0x000000d33b8f88d0
Event: 4.104 Thread 0x0000026b7d793a80 DEOPT UNPACKING pc=0x0000026b7022d2a2 sp=0x000000d33b8f8880 mode 2
Event: 4.143 Thread 0x0000026b7d793a80 DEOPT PACKING pc=0x0000026b68f56f2a sp=0x000000d33b8fc0d0
Event: 4.143 Thread 0x0000026b7d793a80 DEOPT UNPACKING pc=0x0000026b7027e462 sp=0x000000d33b8fb5e0 mode 0
Event: 4.202 Thread 0x0000026b7d793a80 DEOPT PACKING pc=0x0000026b68ee9350 sp=0x000000d33b8f5e10
Event: 4.202 Thread 0x0000026b7d793a80 DEOPT UNPACKING pc=0x0000026b7027e462 sp=0x000000d33b8f5290 mode 0
Event: 4.536 Thread 0x0000026b7d793a80 DEOPT PACKING pc=0x0000026b68eaa027 sp=0x000000d33b8fca20
Event: 4.536 Thread 0x0000026b7d793a80 DEOPT UNPACKING pc=0x0000026b7027e462 sp=0x000000d33b8fbea8 mode 0
Event: 5.599 Thread 0x0000026b7d793a80 DEOPT PACKING pc=0x0000026b68f56f09 sp=0x000000d33b8fc120
Event: 5.599 Thread 0x0000026b7d793a80 DEOPT UNPACKING pc=0x0000026b7027e462 sp=0x000000d33b8fb630 mode 0

Classes loaded (20 events):
Event: 3.230 Loading class java/lang/TypeNotPresentException
Event: 3.230 Loading class java/lang/TypeNotPresentException done
Event: 3.246 Loading class jdk/internal/reflect/MethodHandleByteFieldAccessorImpl
Event: 3.246 Loading class jdk/internal/reflect/MethodHandleByteFieldAccessorImpl done
Event: 3.247 Loading class jdk/internal/reflect/MethodHandleLongFieldAccessorImpl
Event: 3.247 Loading class jdk/internal/reflect/MethodHandleLongFieldAccessorImpl done
Event: 3.276 Loading class jdk/internal/reflect/MethodHandleShortFieldAccessorImpl
Event: 3.276 Loading class jdk/internal/reflect/MethodHandleShortFieldAccessorImpl done
Event: 3.276 Loading class java/lang/Short$ShortCache
Event: 3.276 Loading class java/lang/Short$ShortCache done
Event: 3.282 Loading class java/util/concurrent/ConcurrentHashMap$TreeNode
Event: 3.282 Loading class java/util/concurrent/ConcurrentHashMap$TreeNode done
Event: 3.283 Loading class java/util/concurrent/ConcurrentHashMap$TreeBin
Event: 3.284 Loading class java/util/concurrent/ConcurrentHashMap$TreeBin done
Event: 3.292 Loading class sun/invoke/util/ValueConversions$1
Event: 3.292 Loading class sun/invoke/util/ValueConversions$1 done
Event: 3.293 Loading class java/lang/invoke/BoundMethodHandle$Species_LI
Event: 3.293 Loading class java/lang/invoke/BoundMethodHandle$Species_LI done
Event: 3.309 Loading class java/util/Formatter$FixedString
Event: 3.309 Loading class java/util/Formatter$FixedString done

Classes unloaded (0 events):
No events

Classes redefined (0 events):
No events

Internal exceptions (20 events):
Event: 3.247 Thread 0x0000026b7d793a80 Exception <a 'java/lang/NoSuchMethodError'{0x000000008ac22910}: 'int java.lang.invoke.Invokers$Holder.invokeExact_MT(java.lang.Object, java.lang.Object, java.lang.Object)'> (0x000000008ac22910) 
thrown [s\open\src\hotspot\share\interpreter\linkResolver.cpp, line 773]
Event: 3.248 Thread 0x0000026b7d793a80 Exception <a 'java/lang/NoSuchMethodError'{0x000000008ac27220}: 'long java.lang.invoke.DelegatingMethodHandle$Holder.reinvoke_L(java.lang.Object, java.lang.Object)'> (0x000000008ac27220) 
thrown [s\open\src\hotspot\share\interpreter\linkResolver.cpp, line 773]
Event: 3.249 Thread 0x0000026b7d793a80 Exception <a 'java/lang/NoSuchMethodError'{0x000000008ac31198}: 'void java.lang.invoke.DelegatingMethodHandle$Holder.reinvoke_L(java.lang.Object, java.lang.Object, long)'> (0x000000008ac31198) 
thrown [s\open\src\hotspot\share\interpreter\linkResolver.cpp, line 773]
Event: 3.255 Thread 0x0000026b7d793a80 Exception <a 'java/lang/NoSuchMethodError'{0x000000008ac37d80}: 'long java.lang.invoke.Invokers$Holder.invokeExact_MT(java.lang.Object, java.lang.Object, java.lang.Object)'> (0x000000008ac37d80) 
thrown [s\open\src\hotspot\share\interpreter\linkResolver.cpp, line 773]
Event: 3.292 Thread 0x0000026b7d793a80 Exception <a 'java/lang/IncompatibleClassChangeError'{0x000000008ac99a80}: Found class java.lang.Object, but interface was expected> (0x000000008ac99a80) 
thrown [s\open\src\hotspot\share\interpreter\linkResolver.cpp, line 840]
Event: 3.292 Thread 0x0000026b7d793a80 Exception <a 'java/lang/NoSuchMethodError'{0x000000008ac9a9b0}: 'long java.lang.invoke.DirectMethodHandle$Holder.invokeStatic(java.lang.Object, java.lang.Object, int)'> (0x000000008ac9a9b0) 
thrown [s\open\src\hotspot\share\interpreter\linkResolver.cpp, line 773]
Event: 3.294 Thread 0x0000026b7d793a80 Exception <a 'java/lang/NoSuchMethodError'{0x000000008acad3c8}: 'java.lang.Object java.lang.invoke.DirectMethodHandle$Holder.invokeStatic(java.lang.Object, java.lang.Object, java.lang.Object, java.lang.Object, int)'> (0x000000008acad3c8) 
thrown [s\open\src\hotspot\share\interpreter\linkResolver.cpp, line 773]
Event: 3.296 Thread 0x0000026b7d793a80 Exception <a 'java/lang/NoSuchMethodError'{0x000000008acb8500}: 'void java.lang.invoke.DelegatingMethodHandle$Holder.reinvoke_L(java.lang.Object, java.lang.Object, java.lang.Object, long, java.lang.Object)'> (0x000000008acb8500) 
thrown [s\open\src\hotspot\share\interpreter\linkResolver.cpp, line 773]
Event: 3.299 Thread 0x0000026b7d793a80 Exception <a 'java/lang/NoSuchMethodError'{0x000000008acca0b8}: 'java.lang.Object java.lang.invoke.Invokers$Holder.invokeExact_MT(java.lang.Object, java.lang.Object, java.lang.Object, java.lang.Object, java.lang.Object, java.lang.Object)'> (0x000000008acca0b8) 
thrown [s\open\src\hotspot\share\interpreter\linkResolver.cpp, line 773]
Event: 3.304 Thread 0x0000026b7d793a80 Exception <a 'java/lang/NoSuchMethodError'{0x000000008accef10}: 'void java.lang.invoke.Invokers$Holder.invokeExact_MT(java.lang.Object, java.lang.Object, long, java.lang.Object)'> (0x000000008accef10) 
thrown [s\open\src\hotspot\share\interpreter\linkResolver.cpp, line 773]
Event: 3.562 Thread 0x0000026b7d793a80 Exception <a 'java/lang/IncompatibleClassChangeError'{0x000000008a97f200}: Found class java.lang.Object, but interface was expected> (0x000000008a97f200) 
thrown [s\open\src\hotspot\share\interpreter\linkResolver.cpp, line 840]
Event: 3.891 Thread 0x0000026b7d793a80 Exception <a 'java/lang/IncompatibleClassChangeError'{0x000000008a696580}: Found class java.lang.Object, but interface was expected> (0x000000008a696580) 
thrown [s\open\src\hotspot\share\interpreter\linkResolver.cpp, line 840]
Event: 4.176 Thread 0x0000026b7d793a80 Exception <a 'java/lang/IncompatibleClassChangeError'{0x000000008b987dc0}: Found class java.lang.Object, but interface was expected> (0x000000008b987dc0) 
thrown [s\open\src\hotspot\share\interpreter\linkResolver.cpp, line 840]
Event: 4.402 Thread 0x0000026b7d793a80 Exception <a 'java/lang/IncompatibleClassChangeError'{0x000000008b640fa8}: Found class java.lang.Object, but interface was expected> (0x000000008b640fa8) 
thrown [s\open\src\hotspot\share\interpreter\linkResolver.cpp, line 840]
Event: 4.577 Thread 0x0000026b7d793a80 Exception <a 'java/lang/IncompatibleClassChangeError'{0x000000008b3015e8}: Found class java.lang.Object, but interface was expected> (0x000000008b3015e8) 
thrown [s\open\src\hotspot\share\interpreter\linkResolver.cpp, line 840]
Event: 4.874 Thread 0x0000026b7d793a80 Exception <a 'java/lang/IncompatibleClassChangeError'{0x000000008b19a150}: Found class java.lang.Object, but interface was expected> (0x000000008b19a150) 
thrown [s\open\src\hotspot\share\interpreter\linkResolver.cpp, line 840]
Event: 5.189 Thread 0x0000026b7d793a80 Exception <a 'java/lang/IncompatibleClassChangeError'{0x000000008ae4cc20}: Found class java.lang.Object, but interface was expected> (0x000000008ae4cc20) 
thrown [s\open\src\hotspot\share\interpreter\linkResolver.cpp, line 840]
Event: 5.401 Thread 0x0000026b7d793a80 Exception <a 'java/lang/IncompatibleClassChangeError'{0x000000008ab0aed0}: Found class java.lang.Object, but interface was expected> (0x000000008ab0aed0) 
thrown [s\open\src\hotspot\share\interpreter\linkResolver.cpp, line 840]
Event: 5.613 Thread 0x0000026b7d793a80 Exception <a 'java/lang/IncompatibleClassChangeError'{0x000000008a9af970}: Found class java.lang.Object, but interface was expected> (0x000000008a9af970) 
thrown [s\open\src\hotspot\share\interpreter\linkResolver.cpp, line 840]
Event: 5.879 Thread 0x0000026b7d793a80 Exception <a 'java/lang/IncompatibleClassChangeError'{0x000000008a6624e8}: Found class java.lang.Object, but interface was expected> (0x000000008a6624e8) 
thrown [s\open\src\hotspot\share\interpreter\linkResolver.cpp, line 840]

VM Operations (20 events):
Event: 4.096 Executing VM operation: G1CollectForAllocation
Event: 4.103 Executing VM operation: G1CollectForAllocation done
Event: 4.179 Executing VM operation: HandshakeAllThreads
Event: 4.179 Executing VM operation: HandshakeAllThreads done
Event: 4.406 Executing VM operation: HandshakeAllThreads
Event: 4.406 Executing VM operation: HandshakeAllThreads done
Event: 4.580 Executing VM operation: HandshakeAllThreads
Event: 4.580 Executing VM operation: HandshakeAllThreads done
Event: 4.878 Executing VM operation: HandshakeAllThreads
Event: 4.878 Executing VM operation: HandshakeAllThreads done
Event: 5.197 Executing VM operation: HandshakeAllThreads
Event: 5.197 Executing VM operation: HandshakeAllThreads done
Event: 5.197 Executing VM operation: Cleanup
Event: 5.197 Executing VM operation: Cleanup done
Event: 5.406 Executing VM operation: HandshakeAllThreads
Event: 5.406 Executing VM operation: HandshakeAllThreads done
Event: 5.624 Executing VM operation: HandshakeAllThreads
Event: 5.624 Executing VM operation: HandshakeAllThreads done
Event: 5.896 Executing VM operation: HandshakeAllThreads
Event: 5.896 Executing VM operation: HandshakeAllThreads done

Events (20 events):
Event: 0.141 Thread 0x0000026b7d7845a0 Thread added: 0x0000026b7d7845a0
Event: 0.233 Thread 0x0000026b7d5148e0 Thread added: 0x0000026b7d5148e0
Event: 0.573 Thread 0x0000026b7de14420 Thread added: 0x0000026b7de14420
Event: 0.574 Thread 0x0000026b7de14970 Thread added: 0x0000026b7de14970
Event: 0.574 Thread 0x0000026b60c1f000 Thread exited: 0x0000026b60c1f000
Event: 0.574 Thread 0x0000026b60c1f000 Thread added: 0x0000026b60c1f000
Event: 1.573 Thread 0x0000026b7d5148e0 Thread exited: 0x0000026b7d5148e0
Event: 1.596 Thread 0x0000026b7d793a80 Thread added: 0x0000026b7d793a80
Event: 1.596 Thread 0x0000026b7da5cd70 Thread added: 0x0000026b7da5cd70
Event: 3.213 Thread 0x0000026b7dfadc30 Thread added: 0x0000026b7dfadc30
Event: 3.505 Thread 0x0000026b7dffea00 Thread added: 0x0000026b7dffea00
Event: 3.799 Thread 0x0000026b7e054f80 Thread added: 0x0000026b7e054f80
Event: 4.131 Thread 0x0000026b7e053a40 Thread added: 0x0000026b7e053a40
Event: 4.366 Thread 0x0000026b7e053f90 Thread added: 0x0000026b7e053f90
Event: 4.536 Thread 0x0000026b7e052a50 Thread added: 0x0000026b7e052a50
Event: 4.807 Thread 0x0000026b7e0544e0 Thread added: 0x0000026b7e0544e0
Event: 5.138 Thread 0x0000026b7e051a60 Thread added: 0x0000026b7e051a60
Event: 5.363 Thread 0x0000026b7e051fb0 Thread added: 0x0000026b7e051fb0
Event: 5.580 Thread 0x0000026b7e052500 Thread added: 0x0000026b7e052500
Event: 5.830 Thread 0x0000026b7e052fa0 Thread added: 0x0000026b7e052fa0


Dynamic libraries:
0x00007ff6f0820000 - 0x00007ff6f082e000 	C:\java\jdk-20\jdk-20.0.2\bin\java.exe
0x00007ff95bee0000 - 0x00007ff95c148000 	C:\WINDOWS\SYSTEM32\ntdll.dll
0x00007ff95b230000 - 0x00007ff95b2f9000 	C:\WINDOWS\System32\KERNEL32.DLL
0x00007ff959500000 - 0x00007ff9598ed000 	C:\WINDOWS\System32\KERNELBASE.dll
0x00007ff9592f0000 - 0x00007ff95943b000 	C:\WINDOWS\System32\ucrtbase.dll
0x00007ff92e650000 - 0x00007ff92e667000 	C:\java\jdk-20\jdk-20.0.2\bin\jli.dll
0x00007ff92e630000 - 0x00007ff92e64b000 	C:\java\jdk-20\jdk-20.0.2\bin\VCRUNTIME140.dll
0x00007ff95a1f0000 - 0x00007ff95a3bc000 	C:\WINDOWS\System32\USER32.dll
0x00007ff93e1f0000 - 0x00007ff93e48a000 	C:\WINDOWS\WinSxS\amd64_microsoft.windows.common-controls_6595b64144ccf1df_6.0.26100.4484_none_3e0e6d4ce32ef3b3\COMCTL32.dll
0x00007ff959440000 - 0x00007ff959467000 	C:\WINDOWS\System32\win32u.dll
0x00007ff95bdf0000 - 0x00007ff95be99000 	C:\WINDOWS\System32\msvcrt.dll
0x00007ff95bcb0000 - 0x00007ff95bcdb000 	C:\WINDOWS\System32\GDI32.dll
0x00007ff9591b0000 - 0x00007ff9592e7000 	C:\WINDOWS\System32\gdi32full.dll
0x00007ff959b10000 - 0x00007ff959bb3000 	C:\WINDOWS\System32\msvcp_win.dll
0x00007ff95b790000 - 0x00007ff95b7bf000 	C:\WINDOWS\System32\IMM32.DLL
0x00007ff9305a0000 - 0x00007ff9305ac000 	C:\java\jdk-20\jdk-20.0.2\bin\vcruntime140_1.dll
0x00007ff92e490000 - 0x00007ff92e51e000 	C:\java\jdk-20\jdk-20.0.2\bin\msvcp140.dll
0x00007ff9372b0000 - 0x00007ff937f48000 	C:\java\jdk-20\jdk-20.0.2\bin\server\jvm.dll
0x00007ff95bad0000 - 0x00007ff95bb84000 	C:\WINDOWS\System32\ADVAPI32.dll
0x00007ff95b7d0000 - 0x00007ff95b876000 	C:\WINDOWS\System32\sechost.dll
0x00007ff95b9b0000 - 0x00007ff95bac8000 	C:\WINDOWS\System32\RPCRT4.dll
0x00007ff945a00000 - 0x00007ff945a35000 	C:\WINDOWS\SYSTEM32\WINMM.dll
0x00007ff9371e0000 - 0x00007ff9371ea000 	C:\WINDOWS\SYSTEM32\WSOCK32.dll
0x00007ff94a5f0000 - 0x00007ff94a5fb000 	C:\WINDOWS\SYSTEM32\VERSION.dll
0x00007ff95b880000 - 0x00007ff95b8f4000 	C:\WINDOWS\System32\WS2_32.dll
0x00007ff957da0000 - 0x00007ff957dbb000 	C:\WINDOWS\SYSTEM32\kernel.appcore.dll
0x00007ff934d50000 - 0x00007ff934d5a000 	C:\java\jdk-20\jdk-20.0.2\bin\jimage.dll
0x00007ff9566c0000 - 0x00007ff956901000 	C:\WINDOWS\SYSTEM32\DBGHELP.DLL
0x00007ff959cf0000 - 0x00007ff95a076000 	C:\WINDOWS\System32\combase.dll
0x00007ff95a3d0000 - 0x00007ff95a4b0000 	C:\WINDOWS\System32\OLEAUT32.dll
0x00007ff934d00000 - 0x00007ff934d43000 	C:\WINDOWS\SYSTEM32\dbgcore.DLL
0x00007ff9598f0000 - 0x00007ff959989000 	C:\WINDOWS\System32\bcryptPrimitives.dll
0x00007ff934500000 - 0x00007ff934526000 	C:\java\jdk-20\jdk-20.0.2\bin\java.dll
0x00007ff933e30000 - 0x00007ff933f07000 	C:\java\jdk-20\jdk-20.0.2\bin\jsvml.dll
0x00007ff95aad0000 - 0x00007ff95b21a000 	C:\WINDOWS\System32\SHELL32.dll
0x00007ff959030000 - 0x00007ff9591a4000 	C:\WINDOWS\System32\wintypes.dll
0x00007ff956c50000 - 0x00007ff9574ab000 	C:\WINDOWS\SYSTEM32\windows.storage.dll
0x00007ff95bcf0000 - 0x00007ff95bde5000 	C:\WINDOWS\System32\SHCORE.dll
0x00007ff959c80000 - 0x00007ff959cea000 	C:\WINDOWS\System32\shlwapi.dll
0x00007ff958f40000 - 0x00007ff958f6f000 	C:\WINDOWS\SYSTEM32\profapi.dll
0x00007ff93ab80000 - 0x00007ff93ab93000 	C:\java\jdk-20\jdk-20.0.2\bin\net.dll
0x00007ff950980000 - 0x00007ff950a9e000 	C:\WINDOWS\SYSTEM32\WINHTTP.dll
0x00007ff958360000 - 0x00007ff9583ca000 	C:\WINDOWS\system32\mswsock.dll
0x00007ff9340d0000 - 0x00007ff9340e6000 	C:\java\jdk-20\jdk-20.0.2\bin\nio.dll
0x00007ff931a00000 - 0x00007ff931a18000 	C:\java\jdk-20\jdk-20.0.2\bin\zip.dll
0x00007ff958610000 - 0x00007ff95862b000 	C:\WINDOWS\SYSTEM32\CRYPTSP.dll
0x00007ff957d00000 - 0x00007ff957d3b000 	C:\WINDOWS\system32\rsaenh.dll
0x00007ff958400000 - 0x00007ff95842b000 	C:\WINDOWS\SYSTEM32\USERENV.dll
0x00007ff958f10000 - 0x00007ff958f36000 	C:\WINDOWS\SYSTEM32\bcrypt.dll
0x00007ff958630000 - 0x00007ff95863c000 	C:\WINDOWS\SYSTEM32\CRYPTBASE.dll
0x00007ff9577a0000 - 0x00007ff9577d3000 	C:\WINDOWS\SYSTEM32\IPHLPAPI.DLL
0x00007ff95a860000 - 0x00007ff95a86a000 	C:\WINDOWS\System32\NSI.dll
0x00007ff950da0000 - 0x00007ff950dbf000 	C:\WINDOWS\SYSTEM32\dhcpcsvc6.DLL
0x00007ff950790000 - 0x00007ff9507b5000 	C:\WINDOWS\SYSTEM32\dhcpcsvc.DLL
0x00007ff957890000 - 0x00007ff9579b6000 	C:\WINDOWS\SYSTEM32\DNSAPI.dll
0x00007ff92e520000 - 0x00007ff92e52e000 	C:\java\jdk-20\jdk-20.0.2\bin\sunmscapi.dll
0x00007ff959990000 - 0x00007ff959b07000 	C:\WINDOWS\System32\CRYPT32.dll
0x00007ff958830000 - 0x00007ff958860000 	C:\WINDOWS\SYSTEM32\ncrypt.dll
0x00007ff9587e0000 - 0x00007ff95881f000 	C:\WINDOWS\SYSTEM32\NTASN1.dll
0x00007ff920540000 - 0x00007ff920548000 	C:\WINDOWS\system32\wshunix.dll
0x00007ff93c8d0000 - 0x00007ff93c8d7000 	C:\java\jdk-20\jdk-20.0.2\bin\extnet.dll
0x00007ff92d250000 - 0x00007ff92d268000 	C:\WINDOWS\system32\napinsp.dll
0x00007ff92d230000 - 0x00007ff92d242000 	C:\WINDOWS\System32\winrnr.dll
0x00007ff92d1f0000 - 0x00007ff92d220000 	C:\WINDOWS\system32\nlansp_c.dll
0x00007ff950760000 - 0x00007ff950780000 	C:\WINDOWS\system32\wshbth.dll
0x000000006c0a0000 - 0x000000006c0c6000 	C:\Program Files\Bonjour\mdnsNSP.dll
0x00007ff948ae0000 - 0x00007ff948aeb000 	C:\Windows\System32\rasadhlp.dll
0x00007ff94a670000 - 0x00007ff94a6f6000 	C:\WINDOWS\System32\fwpuclnt.dll
0x00007ff90ebb0000 - 0x00007ff90ebf5000 	C:\Progress\OpenEdge\tmp\jna11077595654190043361.dll
0x00007ff95b220000 - 0x00007ff95b228000 	C:\WINDOWS\System32\PSAPI.DLL
0x00007ff92ca70000 - 0x00007ff92ca81000 	C:\Progress\OpenEdge\tmp\jna2067278344216051932.dll
0x00007ff93daa0000 - 0x00007ff93dd7d000 	c:\Windows\System32\Openedge.d\lib\esam.dll
0x00007ff90add0000 - 0x00007ff90ae15000 	C:\Progress\OpenEdge\tmp\jna5896974010292668833.dll
0x00007ff92b440000 - 0x00007ff92b451000 	C:\Progress\OpenEdge\tmp\jna6530104375144144816.dll
0x00007ff90a100000 - 0x00007ff90a145000 	C:\Progress\OpenEdge\tmp\jna8763365037346790685.dll
0x00007ff925ae0000 - 0x00007ff925af1000 	C:\Progress\OpenEdge\tmp\jna14949959089200711070.dll
0x00007ff909d60000 - 0x00007ff909da5000 	C:\Progress\OpenEdge\tmp\jna14824708789711142506.dll
0x00007ff91e490000 - 0x00007ff91e4a1000 	C:\Progress\OpenEdge\tmp\jna17883423286633781747.dll
0x00007ff909d10000 - 0x00007ff909d55000 	C:\Progress\OpenEdge\tmp\jna17815835085512477787.dll
0x00007ff91e310000 - 0x00007ff91e321000 	C:\Progress\OpenEdge\tmp\jna17443926141879422470.dll
0x00007ff909cc0000 - 0x00007ff909d05000 	C:\Progress\OpenEdge\tmp\jna16354319020372287914.dll
0x00007ff91cc10000 - 0x00007ff91cc21000 	C:\Progress\OpenEdge\tmp\jna14733819882641670752.dll
0x00007ff909c70000 - 0x00007ff909cb5000 	C:\Progress\OpenEdge\tmp\jna14629223961077808423.dll
0x00007ff91b010000 - 0x00007ff91b021000 	C:\Progress\OpenEdge\tmp\jna6007554545569667466.dll
0x00007ff903a60000 - 0x00007ff903aa5000 	C:\Progress\OpenEdge\tmp\jna6416804997467931386.dll
0x00007ff919fe0000 - 0x00007ff919ff1000 	C:\Progress\OpenEdge\tmp\jna16452342033465212120.dll
0x00007ff903a10000 - 0x00007ff903a55000 	C:\Progress\OpenEdge\tmp\jna16854869646003144704.dll
0x00007ff9176a0000 - 0x00007ff9176b1000 	C:\Progress\OpenEdge\tmp\jna3845257276722952496.dll
0x00007ff916710000 - 0x00007ff916738000 	C:\Progress\OpenEdge\oeide\eclipse\configuration\org.eclipse.osgi\bundles\336\1\.cp\Ijwhost.dll
0x00007ff911790000 - 0x00007ff9117c0000 	C:\Progress\OpenEdge\oeide\eclipse\configuration\org.eclipse.osgi\bundles\336\1\.cp\Progress.clrbridge.netcore.dll
0x00007ff8ff630000 - 0x00007ff8ff675000 	C:\Progress\OpenEdge\tmp\jna11680930760000394763.dll
0x00007ff914db0000 - 0x00007ff914dc1000 	C:\Progress\OpenEdge\tmp\jna4546416093763444951.dll
0x00007ff90ad90000 - 0x00007ff90adcd000 	C:\Progress\OpenEdge\bin\oeacbNetcore.dll
0x00007ff8ff5e0000 - 0x00007ff8ff625000 	C:\Progress\OpenEdge\tmp\jna730027169764799805.dll
0x00007ff914570000 - 0x00007ff914581000 	C:\Progress\OpenEdge\tmp\jna12159678534115677321.dll
0x00007ff8ff580000 - 0x00007ff8ff5dc000 	C:\Program Files\dotnet\host\fxr\9.0.7\hostfxr.dll

dbghelp: loaded successfully - version: 4.0.5 - missing functions: none
symbol engine: initialized successfully - sym options: 0x614 - pdb path: .;C:\java\jdk-20\jdk-20.0.2\bin;C:\WINDOWS\SYSTEM32;C:\WINDOWS\WinSxS\amd64_microsoft.windows.common-controls_6595b64144ccf1df_6.0.26100.4484_none_3e0e6d4ce32ef3b3;C:\java\jdk-20\jdk-20.0.2\bin\server;C:\Program Files\Bonjour;C:\Progress\OpenEdge\tmp;c:\Windows\System32\Openedge.d\lib;C:\Progress\OpenEdge\oeide\eclipse\configuration\org.eclipse.osgi\bundles\336\1\.cp;C:\Progress\OpenEdge\bin;C:\Program Files\dotnet\host\fxr\9.0.7

VM Arguments:
jvm_args: -DInstall.Dir=C:\Progress\OpenEdge -Dworkspace=C:\Dados -Doeide.logging=1 -Ddll.server=true -Ddllserver.port=10000 -DdotNetCore=NETCORE -Dosgi.configuration.area=file:/C:\Progress\OpenEdge\oeide\eclipse\configuration -DBundleId=336 
java_command: com.openedge.core.otm.dotnetcore.ipcom.server.OTMNCLoaderServerManager
java_class_path (initial): C:\Progress\OpenEdge\oeide\eclipse\plugins\com.openedge.pdt.core_12.8.0.00\oe_common_services.jar;C:\Progress\OpenEdge\oeide\eclipse\plugins\com.openedge.pdt.core_12.8.0.00\lib\gson-2.10.1.jar;C:\Progress\OpenEdge\oeide\eclipse\plugins\com.openedge.pdt.core_12.8.0.00\lib\esapi.jar;C:\Progress\OpenEdge\java\ant-libs\ast-dependencies.jar;C:\Progress\OpenEdge\java\ant-libs\ast.jar
Launcher Type: SUN_STANDARD

[Global flags]
     intx CICompilerCount                          = 4                                         {product} {ergonomic}
     uint ConcGCThreads                            = 2                                         {product} {ergonomic}
     uint G1ConcRefinementThreads                  = 8                                         {product} {ergonomic}
   size_t G1HeapRegionSize                         = 1048576                                   {product} {ergonomic}
    uintx GCDrainStackTargetSize                   = 64                                        {product} {ergonomic}
   size_t InitialHeapSize                          = 130023424                                 {product} {ergonomic}
   size_t MarkStackSize                            = 4194304                                   {product} {ergonomic}
   size_t MaxHeapSize                              = 2080374784                                {product} {ergonomic}
   size_t MaxNewSize                               = 1247805440                                {product} {ergonomic}
   size_t MinHeapDeltaBytes                        = 1048576                                   {product} {ergonomic}
   size_t MinHeapSize                              = 8388608                                   {product} {ergonomic}
    uintx NonNMethodCodeHeapSize                   = 5839372                                {pd product} {ergonomic}
    uintx NonProfiledCodeHeapSize                  = 122909434                              {pd product} {ergonomic}
    uintx ProfiledCodeHeapSize                     = 122909434                              {pd product} {ergonomic}
    uintx ReservedCodeCacheSize                    = 251658240                              {pd product} {ergonomic}
     bool SegmentedCodeCache                       = true                                      {product} {ergonomic}
   size_t SoftMaxHeapSize                          = 2080374784                             {manageable} {ergonomic}
     bool UseCompressedClassPointers               = true                           {product lp64_product} {ergonomic}
     bool UseCompressedOops                        = true                           {product lp64_product} {ergonomic}
     bool UseG1GC                                  = true                                      {product} {ergonomic}
     bool UseLargePagesIndividualAllocation        = false                                  {pd product} {ergonomic}

Logging:
Log output configuration:
 #0: stdout all=warning uptime,level,tags foldmultilines=false
 #1: stderr all=off uptime,level,tags foldmultilines=false

Environment Variables:
JAVA_HOME=C:\java\jdk-20\JDK-20~1.2
PATH=C:\Program Files\Common Files\Oracle\Java\javapath;C:\Program Files (x86)\Common Files\Intel\Shared Libraries\redist\intel64\compiler;C:\Windows\system32;C:\Windows;C:\Windows\System32\Wbem;C:\Windows\System32\WindowsPowerShell\v1.0\;C:\Windows\System32\OpenSSH\;C:\Program Files (x86)\NVIDIA Corporation\PhysX\Common;C:\WINDOWS\system32;C:\WINDOWS;C:\WINDOWS\System32\Wbem;C:\WINDOWS\System32\WindowsPowerShell\v1.0\;C:\ProgramData\chocolatey\bin;C:\ProgramData\UNIVALI\Portugol Studio;C:\Program Files\Git\cmd;C:\Program Files\dotnet\;C:\Program Files\Docker\Docker\resources\bin;%JAVA_HOME%\bin;C:\Program Files\nodejs\;C:\Users\Joao Pedro\AppData\Local\Microsoft\WindowsApps;C:\Users\Joao Pedro\AppData\Local\GitHubDesktop\bin;C:\Users\Joao Pedro\AppData\Local\Programs\Microsoft VS Code\bin;C:\Users\Joao Pedro\.dotnet\tools;C:\java\jdk-20\jdk-20.0.2\bin;;C:\Program Files\IntelliJ IDEA 2025.1.4.1\bin;;C:\Program Files\JetBrains\IntelliJ IDEA Community Edition 2025.1.4.1\bin;;C:\Users\Joao Pedro\AppData\Roaming\npm
USERNAME=Joao Pedro
OS=Windows_NT
PROCESSOR_IDENTIFIER=Intel64 Family 6 Model 126 Stepping 5, GenuineIntel
TMP=C:\Users\JOAOPE~1\AppData\Local\Temp
TEMP=C:\Users\JOAOPE~1\AppData\Local\Temp




---------------  S Y S T E M  ---------------

OS:
 Windows 11 , 64 bit Build 26100 (10.0.26100.4484)
OS uptime: 11 days 6:40 hours
Hyper-V role detected

CPU: total 8 (initial active 8) (4 cores per cpu, 2 threads per core) family 6 model 126 stepping 5 microcode 0xb0, cx8, cmov, fxsr, ht, mmx, 3dnowpref, sse, sse2, sse3, ssse3, sse4.1, sse4.2, popcnt, lzcnt, tsc, tscinvbit, avx, avx2, aes, erms, clmul, bmi1, bmi2, adx, avx512f, avx512dq, avx512cd, avx512bw, avx512vl, sha, fma, vzeroupper, avx512_vpopcntdq, avx512_vpclmulqdq, avx512_vaes, avx512_vnni, clflush, clflushopt, avx512_vbmi2, avx512_vbmi, hv, rdtscp, rdpid, fsrm, gfni, avx512_bitalg, f16c, avx512_ifma

Memory: 4k page, system-wide physical 7930M (1469M free)
TotalPageFile size 18430M (AvailPageFile size 5960M)
current process WorkingSet (physical memory assigned to process): 99M, peak: 99M
current process commit charge ("private bytes"): 231M, peak: 231M

vm_info: OpenJDK 64-Bit Server VM (20.0.2+9-78) for windows-amd64 JRE (20.0.2+9-78), built on 2023-06-14T10:08:48Z by "mach5one" with MS VC++ 17.1 (VS2022)

END.
